
Started Import Process
# System Details: 
Debug Mode 		: Desativado
Operating System 	: WINNT
Software 		: Apache/2.4.54 (Win64) OpenSSL/1.1.1q PHP/8.1.10
MySQL version 		: 8.0.30
XML Reader 		: Sim
PHP Version 		: 8.1.10
PHP Max Input Vars 	: 5000
PHP Max Post Size 	: 2G
PHP Extension GD 	: Sim
PHP Max Execution Time 	: 36000
Max Upload Size 	: 2 GB
Memory Limit 		: O limite de memória atual é 40M. Recomendamos definir a memória com pelo menos 64M.
Timezone 		: America/Sao_Paulo

-----

Importing Started! - 21:06:57 UTC
---

WHY IMPORT PROCESS CAN FAIL? READ THIS - 
https://wpastra.com/docs/?p=1314&utm_source=demo-import-panel&utm_campaign=import-error&utm_medium=wp-dashboard

---

Started Import Process
# System Details: 
Debug Mode 		: Desativado
Operating System 	: WINNT
Software 		: Apache/2.4.54 (Win64) OpenSSL/1.1.1q PHP/8.1.10
MySQL version 		: 8.0.30
XML Reader 		: Sim
PHP Version 		: 8.1.10
PHP Max Input Vars 	: 5000
PHP Max Post Size 	: 2G
PHP Extension GD 	: Sim
PHP Max Execution Time 	: 36000
Max Upload Size 	: 2 GB
Memory Limit 		: O limite de memória atual é 40M. Recomendamos definir a memória com pelo menos 64M.
Timezone 		: America/Sao_Paulo

-----

Importing Started! - 21:16:07 UTC
---

WHY IMPORT PROCESS CAN FAIL? READ THIS - 
https://wpastra.com/docs/?p=1314&utm_source=demo-import-panel&utm_campaign=import-error&utm_medium=wp-dashboard

---
